

Microchip Technology PIC18 LITE Macro Assembler V1.36 build -262312587 
                                                                                               Sat Aug 13 19:26:14 2016

Microchip Technology Omniscient Code Generator v1.36 (Free mode) build 201601150325
     1                           	processor	18F4520
     2                           	fnconf	rparam,??,?,0
     3                           	opt	pw 120
     4                           	opt	lm
     5                           	psect	cinit,global,reloc=2,class=CODE,delta=1
     6                           	psect	cstackCOMRAM,global,class=COMRAM,space=1,delta=1
     7                           	psect	text0,global,reloc=2,class=CODE,delta=1
     8                           	psect	intsave_regs,global,class=BIGRAM,space=1,delta=1
     9                           	psect	rparam,global,class=COMRAM,space=1,delta=1
    10  0000                     _TRISD	set	3989
    11  0000                     _RD0	set	31768
    12  0000                     _RD1	set	31769
    13  0000                     _RD2	set	31770
    14  0000                     _RD3	set	31771
    15                           
    16                           ; #config settings
    17                           
    18                           	psect	cinit
    19  007BE0                     __pcinit:
    20                           	opt stack 0
    21  007BE0                     start_initialization:
    22                           	opt stack 0
    23  007BE0                     __initialization:
    24                           	opt stack 0
    25  007BE0                     end_of_initialization:
    26                           	opt stack 0
    27  007BE0                     __end_of__initialization:
    28                           	opt stack 0
    29  007BE0  0100               	movlb	0
    30  007BE2  EFF3  F03D         	goto	_main	;jump to C main() function
    31                           
    32                           	psect	cstackCOMRAM
    33  000000                     __pcstackCOMRAM:
    34                           	opt stack 0
    35  000000                     
    36                           ; 2 bytes @ 0x0
    37 ;;
    38 ;;Main: autosize = 0, tempsize = 0, incstack = 0, save=0
    39 ;;
    40 ;; *************** function _main *****************
    41 ;; Defined at:
    42 ;;		line 46 in file "main.c"
    43 ;; Parameters:    Size  Location     Type
    44 ;;		None
    45 ;; Auto vars:     Size  Location     Type
    46 ;;		None
    47 ;; Return value:  Size  Location     Type
    48 ;;                  2   12[None  ] int 
    49 ;; Registers used:
    50 ;;		wreg, status,2
    51 ;; Tracked objects:
    52 ;;		On entry : 0/0
    53 ;;		On exit  : 0/0
    54 ;;		Unchanged: 0/0
    55 ;; Data sizes:     COMRAM   BANK0   BANK1   BANK2   BANK3   BANK4   BANK5
    56 ;;      Params:         0       0       0       0       0       0       0
    57 ;;      Locals:         0       0       0       0       0       0       0
    58 ;;      Temps:          0       0       0       0       0       0       0
    59 ;;      Totals:         0       0       0       0       0       0       0
    60 ;;Total ram usage:        0 bytes
    61 ;; This function calls:
    62 ;;		Nothing
    63 ;; This function is called by:
    64 ;;		Startup code after reset
    65 ;; This function uses a non-reentrant model
    66 ;;
    67                           
    68                           	psect	text0
    69  007BE6                     __ptext0:
    70                           	opt stack 0
    71  007BE6                     _main:
    72                           	opt stack 31
    73                           
    74                           ;main.c: 48: TRISD = 0x0c;
    75                           
    76                           ;incstack = 0
    77  007BE6  0E0C               	movlw	12
    78  007BE8  6E95               	movwf	3989,c	;volatile
    79  007BEA                     l616:
    80                           
    81                           ;main.c: 51: {
    82                           ;main.c: 53: RD0 = RD2;
    83  007BEA  A483               	btfss	3971,2,c	;volatile
    84  007BEC  D002               	goto	u10
    85  007BEE  8083               	bsf	3971,0,c	;volatile
    86  007BF0  D001               	goto	l618
    87  007BF2                     u10:
    88  007BF2  9083               	bcf	3971,0,c	;volatile
    89  007BF4                     l618:
    90                           
    91                           ;main.c: 54: RD1 = RD3;
    92  007BF4  A683               	btfss	3971,3,c	;volatile
    93  007BF6  D002               	goto	u30
    94  007BF8  8283               	bsf	3971,1,c	;volatile
    95  007BFA  D7F7               	goto	l616
    96  007BFC                     u30:
    97  007BFC  9283               	bcf	3971,1,c	;volatile
    98  007BFE  D7F5               	goto	l616
    99  007C00                     __end_of_main:
   100                           	opt stack 0
   101  0000                     
   102                           	psect	rparam


Data Sizes:
    Strings     0
    Constant    0
    Data        0
    BSS         0
    Persistent  0
    Stack       0

Auto Spaces:
    Space          Size  Autos    Used
    COMRAM          127      0       0
    BANK0           128      0       0
    BANK1           256      0       0
    BANK2           256      0       0
    BANK3           256      0       0
    BANK4           256      0       0
    BANK5           256      0       0

Pointer List with Targets:

    None.

Critical Paths under _main in COMRAM

    None.

Critical Paths under _main in BANK0

    None.

Critical Paths under _main in BANK1

    None.

Critical Paths under _main in BANK2

    None.

Critical Paths under _main in BANK3

    None.

Critical Paths under _main in BANK4

    None.

Critical Paths under _main in BANK5

    None.

Call Graph Tables:

 ---------------------------------------------------------------------------------
 (Depth) Function   	        Calls       Base Space   Used Autos Params    Refs
 ---------------------------------------------------------------------------------
 (0) _main                                                 0     0      0       0
 ---------------------------------------------------------------------------------
 Estimated maximum stack depth 0
 ---------------------------------------------------------------------------------

 Call Graph Graphs:

 _main (ROOT)

 Address spaces:
Name               Size   Autos  Total    Cost      Usage
BITCOMRAM           7F      0       0       0        0.0%
EEDATA             100      0       0       0        0.0%
NULL                 0      0       0       0        0.0%
CODE                 0      0       0       0        0.0%
COMRAM              7F      0       0       1        0.0%
STACK                0      0       0       2        0.0%
DATA                 0      0       0       3        0.0%
BITBANK0            80      0       0       4        0.0%
BANK0               80      0       0       5        0.0%
BITBANK1           100      0       0       6        0.0%
BANK1              100      0       0       7        0.0%
BITBANK2           100      0       0       8        0.0%
BANK2              100      0       0       9        0.0%
BITBANK3           100      0       0      10        0.0%
BANK3              100      0       0      11        0.0%
BITBANK4           100      0       0      12        0.0%
BANK4              100      0       0      13        0.0%
BANK5              100      0       0      14        0.0%
ABS                  0      0       0      15        0.0%
BITBANK5           100      0       0      16        0.0%
BIGRAM             5FF      0       0      17        0.0%
BITSFR               0      0       0      40        0.0%
SFR                  0      0       0      40        0.0%


Microchip Technology PIC18 Macro Assembler V1.36 build -262312587 
Symbol Table                                                                                   Sat Aug 13 19:26:14 2016

                     u10 7BF2                       u30 7BFC                      l616 7BEA  
                    l618 7BF4                      _RD0 007C18                      _RD1 007C19  
                    _RD2 007C1A                      _RD3 007C1B                     _main 7BE6  
                   start 0000             ___param_bank 000010                    ?_main 0000  
                  _TRISD 000F95          __initialization 7BE0             __end_of_main 7C00  
                 ??_main 0000            __activetblptr 000000               __accesstop 0080  
__end_of__initialization 7BE0            ___rparam_used 000001           __pcstackCOMRAM 0000  
                __Hparam 0000                  __Lparam 0000                  __pcinit 7BE0  
                __ramtop 0600                  __ptext0 7BE6     end_of_initialization 7BE0  
    start_initialization 7BE0                 __Hrparam 0000                 __Lrparam 0000  
          __size_of_main 001A  
