

Microchip Technology PIC18 LITE Macro Assembler V1.36 build -262312587 
                                                                                               Sat Aug 13 19:35:51 2016

Microchip Technology Omniscient Code Generator v1.36 (Free mode) build 201601150325
     1                           	processor	18F4520
     2                           	fnconf	rparam,??,?,0
     3                           	opt	pw 120
     4                           	opt	lm
     5                           	psect	cinit,global,reloc=2,class=CODE,delta=1
     6                           	psect	cstackCOMRAM,global,class=COMRAM,space=1,delta=1
     7                           	psect	text0,global,reloc=2,class=CODE,delta=1
     8                           	psect	text1,global,reloc=2,class=CODE,delta=1
     9                           	psect	text2,global,reloc=2,class=CODE,delta=1
    10                           	psect	text3,global,reloc=2,class=CODE,delta=1
    11                           	psect	text4,global,reloc=2,class=CODE,delta=1
    12                           	psect	intsave_regs,global,class=BIGRAM,space=1,delta=1
    13                           	psect	rparam,global,class=COMRAM,space=1,delta=1
    14  0000                     _RCREG	set	4014
    15  0000                     _RCSTA	set	4011
    16  0000                     _SPBRG	set	4015
    17  0000                     _TRISC	set	3988
    18  0000                     _TXREG	set	4013
    19  0000                     _TXSTA	set	4012
    20  0000                     _RCIF	set	31989
    21  0000                     _TXIF	set	31988
    22                           
    23                           ; #config settings
    24  0000                     
    25                           	psect	cinit
    26  007AB2                     __pcinit:
    27                           	opt stack 0
    28  007AB2                     start_initialization:
    29                           	opt stack 0
    30  007AB2                     __initialization:
    31                           	opt stack 0
    32  007AB2                     end_of_initialization:
    33                           	opt stack 0
    34  007AB2                     __end_of__initialization:
    35                           	opt stack 0
    36  007AB2  0E00               	movlw	low (__Lmediumconst shr (0+16))
    37  007AB4  6EF8               	movwf	tblptru,c
    38  007AB6  0100               	movlb	0
    39  007AB8  EF65  F03D         	goto	_main	;jump to C main() function
    40                           tblptru	equ	0xFF8
    41                           
    42                           	psect	cstackCOMRAM
    43  000001                     __pcstackCOMRAM:
    44                           	opt stack 0
    45  000001                     ?___lldiv:
    46                           	opt stack 0
    47  000001                     UART_TxChar@v_uartData_u8:
    48                           	opt stack 0
    49  000001                     ___lldiv@dividend:
    50                           	opt stack 0
    51                           
    52                           ; 4 bytes @ 0x0
    53  000001                     	ds	4
    54  000005                     ___lldiv@divisor:
    55                           	opt stack 0
    56                           
    57                           ; 4 bytes @ 0x4
    58  000005                     	ds	4
    59  000009                     ___lldiv@quotient:
    60                           	opt stack 0
    61                           
    62                           ; 4 bytes @ 0x8
    63  000009                     	ds	4
    64  00000D                     ___lldiv@counter:
    65                           	opt stack 0
    66                           
    67                           ; 1 bytes @ 0xC
    68  00000D                     	ds	1
    69  00000E                     UART_SetBaudRate@v_baudRate_u32:
    70                           	opt stack 0
    71                           
    72                           ; 4 bytes @ 0xD
    73  00000E                     	ds	4
    74  000012                     ??_UART_SetBaudRate:
    75                           
    76                           ; 1 bytes @ 0x11
    77  000012                     	ds	4
    78  000016                     UART_SetBaudRate@RegValue:
    79                           	opt stack 0
    80                           
    81                           ; 1 bytes @ 0x15
    82  000016                     	ds	1
    83  000017                     UART_Init@v_baudRate_u32:
    84                           	opt stack 0
    85                           
    86                           ; 4 bytes @ 0x16
    87  000017                     	ds	4
    88  00001B                     tblptru	equ	0xFF8
    89                           
    90                           ; 1 bytes @ 0x1A
    91 ;;
    92 ;;Main: autosize = 0, tempsize = 0, incstack = 0, save=0
    93 ;;
    94 ;; *************** function _main *****************
    95 ;; Defined at:
    96 ;;		line 40 in file "main.c"
    97 ;; Parameters:    Size  Location     Type
    98 ;;		None
    99 ;; Auto vars:     Size  Location     Type
   100 ;;		None
   101 ;; Return value:  Size  Location     Type
   102 ;;                  2  128[None  ] int 
   103 ;; Registers used:
   104 ;;		wreg, status,2, status,0, cstack
   105 ;; Tracked objects:
   106 ;;		On entry : 0/0
   107 ;;		On exit  : 0/0
   108 ;;		Unchanged: 0/0
   109 ;; Data sizes:     COMRAM   BANK0   BANK1   BANK2   BANK3   BANK4   BANK5
   110 ;;      Params:         0       0       0       0       0       0       0
   111 ;;      Locals:         0       0       0       0       0       0       0
   112 ;;      Temps:          0       0       0       0       0       0       0
   113 ;;      Totals:         0       0       0       0       0       0       0
   114 ;;Total ram usage:        0 bytes
   115 ;; Hardware stack levels required when called:    3
   116 ;; This function calls:
   117 ;;		_UART_Init
   118 ;;		_UART_TxChar
   119 ;; This function is called by:
   120 ;;		Startup code after reset
   121 ;; This function uses a non-reentrant model
   122 ;;
   123                           
   124                           	psect	text0
   125  007ACA                     __ptext0:
   126                           	opt stack 0
   127  007ACA                     _main:
   128                           	opt stack 28
   129                           
   130                           ;main.c: 43: UART_Init(9600);
   131                           
   132                           ;incstack = 0
   133  007ACA  0E80               	movlw	128
   134  007ACC  6E17               	movwf	UART_Init@v_baudRate_u32,c
   135  007ACE  0E25               	movlw	37
   136  007AD0  6E18               	movwf	UART_Init@v_baudRate_u32+1,c
   137  007AD2  0E00               	movlw	0
   138  007AD4  6E19               	movwf	UART_Init@v_baudRate_u32+2,c
   139  007AD6  0E00               	movlw	0
   140  007AD8  6E1A               	movwf	UART_Init@v_baudRate_u32+3,c
   141  007ADA  EC73  F03D         	call	_UART_Init	;wreg free
   142  007ADE                     l1198:
   143                           
   144                           ;main.c: 46: {
   145                           ;main.c: 47: UART_TxChar('e');
   146  007ADE  0E65               	movlw	101
   147  007AE0  EC5E  F03D         	call	_UART_TxChar
   148  007AE4  D7FC               	goto	l1198
   149  007AE6                     __end_of_main:
   150                           	opt stack 0
   151                           tblptru	equ	0xFF8
   152                           
   153 ;; *************** function _UART_TxChar *****************
   154 ;; Defined at:
   155 ;;		line 145 in file "../00-libfiles/uart.c"
   156 ;; Parameters:    Size  Location     Type
   157 ;;  v_uartData_u    1    wreg     unsigned char 
   158 ;; Auto vars:     Size  Location     Type
   159 ;;  v_uartData_u    1    0[COMRAM] unsigned char 
   160 ;; Return value:  Size  Location     Type
   161 ;;                  1    wreg      void 
   162 ;; Registers used:
   163 ;;		wreg
   164 ;; Tracked objects:
   165 ;;		On entry : 0/0
   166 ;;		On exit  : 0/0
   167 ;;		Unchanged: 0/0
   168 ;; Data sizes:     COMRAM   BANK0   BANK1   BANK2   BANK3   BANK4   BANK5
   169 ;;      Params:         0       0       0       0       0       0       0
   170 ;;      Locals:         1       0       0       0       0       0       0
   171 ;;      Temps:          0       0       0       0       0       0       0
   172 ;;      Totals:         1       0       0       0       0       0       0
   173 ;;Total ram usage:        1 bytes
   174 ;; Hardware stack levels used:    1
   175 ;; This function calls:
   176 ;;		Nothing
   177 ;; This function is called by:
   178 ;;		_main
   179 ;;		_UART_TxString
   180 ;;		_UART_RxString
   181 ;;		_UART_TxNumber
   182 ;;		_UART_Printf
   183 ;; This function uses a non-reentrant model
   184 ;;
   185                           
   186                           	psect	text1
   187  007ABC                     __ptext1:
   188                           	opt stack 0
   189  007ABC                     _UART_TxChar:
   190                           	opt stack 30
   191                           
   192                           ;incstack = 0
   193                           ;UART_TxChar@v_uartData_u8 stored from wreg
   194  007ABC  6E01               	movwf	UART_TxChar@v_uartData_u8,c
   195  007ABE                     l39:
   196  007ABE  A89E               	btfss	3998,4,c	;volatile
   197  007AC0  D7FE               	goto	l39
   198                           
   199                           ;uart.c: 148: TXIF=0;
   200  007AC2  989E               	bcf	3998,4,c	;volatile
   201                           
   202                           ;uart.c: 149: TXREG=v_uartData_u8;
   203  007AC4  C001  FFAD         	movff	UART_TxChar@v_uartData_u8,4013	;volatile
   204  007AC8  0012               	return		;funcret
   205  007ACA                     __end_of_UART_TxChar:
   206                           	opt stack 0
   207                           tblptru	equ	0xFF8
   208                           
   209 ;; *************** function _UART_Init *****************
   210 ;; Defined at:
   211 ;;		line 66 in file "../00-libfiles/uart.c"
   212 ;; Parameters:    Size  Location     Type
   213 ;;  v_baudRate_u    4   22[COMRAM] unsigned long 
   214 ;; Auto vars:     Size  Location     Type
   215 ;;		None
   216 ;; Return value:  Size  Location     Type
   217 ;;                  1    wreg      void 
   218 ;; Registers used:
   219 ;;		wreg, status,2, status,0, cstack
   220 ;; Tracked objects:
   221 ;;		On entry : 0/0
   222 ;;		On exit  : 0/0
   223 ;;		Unchanged: 0/0
   224 ;; Data sizes:     COMRAM   BANK0   BANK1   BANK2   BANK3   BANK4   BANK5
   225 ;;      Params:         4       0       0       0       0       0       0
   226 ;;      Locals:         0       0       0       0       0       0       0
   227 ;;      Temps:          0       0       0       0       0       0       0
   228 ;;      Totals:         4       0       0       0       0       0       0
   229 ;;Total ram usage:        4 bytes
   230 ;; Hardware stack levels used:    1
   231 ;; Hardware stack levels required when called:    2
   232 ;; This function calls:
   233 ;;		_UART_SetBaudRate
   234 ;; This function is called by:
   235 ;;		_main
   236 ;; This function uses a non-reentrant model
   237 ;;
   238                           
   239                           	psect	text2
   240  007AE6                     __ptext2:
   241                           	opt stack 0
   242  007AE6                     _UART_Init:
   243                           	opt stack 28
   244                           
   245                           ;uart.c: 68: TRISC=0x80;
   246                           
   247                           ;incstack = 0
   248  007AE6  0E80               	movlw	128
   249  007AE8  6E94               	movwf	3988,c	;volatile
   250                           
   251                           ;uart.c: 69: TXSTA=0x20;
   252  007AEA  0E20               	movlw	32
   253  007AEC  6EAC               	movwf	4012,c	;volatile
   254                           
   255                           ;uart.c: 70: RCSTA=0x90;
   256  007AEE  0E90               	movlw	144
   257  007AF0  6EAB               	movwf	4011,c	;volatile
   258                           
   259                           ;uart.c: 71: UART_SetBaudRate(v_baudRate_u32);
   260  007AF2  C017  F00E         	movff	UART_Init@v_baudRate_u32,UART_SetBaudRate@v_baudRate_u32
   261  007AF6  C018  F00F         	movff	UART_Init@v_baudRate_u32+1,UART_SetBaudRate@v_baudRate_u32+1
   262  007AFA  C019  F010         	movff	UART_Init@v_baudRate_u32+2,UART_SetBaudRate@v_baudRate_u32+2
   263  007AFE  C01A  F011         	movff	UART_Init@v_baudRate_u32+3,UART_SetBaudRate@v_baudRate_u32+3
   264  007B02  EC84  F03D         	call	_UART_SetBaudRate	;wreg free
   265  007B06  0012               	return		;funcret
   266  007B08                     __end_of_UART_Init:
   267                           	opt stack 0
   268                           tblptru	equ	0xFF8
   269                           
   270 ;; *************** function _UART_SetBaudRate *****************
   271 ;; Defined at:
   272 ;;		line 91 in file "../00-libfiles/uart.c"
   273 ;; Parameters:    Size  Location     Type
   274 ;;  v_baudRate_u    4   13[COMRAM] unsigned long 
   275 ;; Auto vars:     Size  Location     Type
   276 ;;  RegValue        1   21[COMRAM] unsigned char 
   277 ;; Return value:  Size  Location     Type
   278 ;;                  1    wreg      void 
   279 ;; Registers used:
   280 ;;		wreg, status,2, status,0, cstack
   281 ;; Tracked objects:
   282 ;;		On entry : 0/0
   283 ;;		On exit  : 0/0
   284 ;;		Unchanged: 0/0
   285 ;; Data sizes:     COMRAM   BANK0   BANK1   BANK2   BANK3   BANK4   BANK5
   286 ;;      Params:         4       0       0       0       0       0       0
   287 ;;      Locals:         1       0       0       0       0       0       0
   288 ;;      Temps:          4       0       0       0       0       0       0
   289 ;;      Totals:         9       0       0       0       0       0       0
   290 ;;Total ram usage:        9 bytes
   291 ;; Hardware stack levels used:    1
   292 ;; Hardware stack levels required when called:    1
   293 ;; This function calls:
   294 ;;		___lldiv
   295 ;; This function is called by:
   296 ;;		_UART_Init
   297 ;; This function uses a non-reentrant model
   298 ;;
   299                           
   300                           	psect	text3
   301  007B08                     __ptext3:
   302                           	opt stack 0
   303  007B08                     _UART_SetBaudRate:
   304                           	opt stack 28
   305                           
   306                           ;uart.c: 93: uint8_t RegValue;
   307                           ;uart.c: 95: if((v_baudRate_u32 >= 2400) && (v_baudRate_u32<=115200UL))
   308                           
   309                           ;incstack = 0
   310  007B08  5011               	movf	UART_SetBaudRate@v_baudRate_u32+3,w,c
   311  007B0A  1010               	iorwf	UART_SetBaudRate@v_baudRate_u32+2,w,c
   312  007B0C  E106               	bnz	u390
   313  007B0E  0E60               	movlw	96
   314  007B10  5C0E               	subwf	UART_SetBaudRate@v_baudRate_u32,w,c
   315  007B12  0E09               	movlw	9
   316  007B14  580F               	subwfb	UART_SetBaudRate@v_baudRate_u32+1,w,c
   317  007B16  A0D8               	btfss	status,0,c
   318  007B18  D02D               	goto	l1020
   319  007B1A                     u390:
   320  007B1A  5011               	movf	UART_SetBaudRate@v_baudRate_u32+3,w,c
   321  007B1C  E12B               	bnz	l1020
   322  007B1E  040E               	decf	UART_SetBaudRate@v_baudRate_u32,w,c
   323  007B20  0EC2               	movlw	194
   324  007B22  580F               	subwfb	UART_SetBaudRate@v_baudRate_u32+1,w,c
   325  007B24  0E01               	movlw	1
   326  007B26  5810               	subwfb	UART_SetBaudRate@v_baudRate_u32+2,w,c
   327  007B28  B0D8               	btfsc	status,0,c
   328  007B2A  D024               	goto	l1020
   329                           
   330                           ;uart.c: 96: {
   331                           ;uart.c: 99: RegValue = (uint8_t)(uint32_t)((20000000UL / (64*(uint32_t)v_baudRate_u32))
      +                           - 1);
   332  007B2C  0E00               	movlw	0
   333  007B2E  6E01               	movwf	___lldiv@dividend,c
   334  007B30  0E2D               	movlw	45
   335  007B32  6E02               	movwf	___lldiv@dividend+1,c
   336  007B34  0E31               	movlw	49
   337  007B36  6E03               	movwf	___lldiv@dividend+2,c
   338  007B38  0E01               	movlw	1
   339  007B3A  6E04               	movwf	___lldiv@dividend+3,c
   340  007B3C  C00E  F012         	movff	UART_SetBaudRate@v_baudRate_u32,??_UART_SetBaudRate
   341  007B40  C00F  F013         	movff	UART_SetBaudRate@v_baudRate_u32+1,??_UART_SetBaudRate+1
   342  007B44  C010  F014         	movff	UART_SetBaudRate@v_baudRate_u32+2,??_UART_SetBaudRate+2
   343  007B48  C011  F015         	movff	UART_SetBaudRate@v_baudRate_u32+3,??_UART_SetBaudRate+3
   344  007B4C  0E06               	movlw	6
   345  007B4E                     u415:
   346  007B4E  90D8               	bcf	status,0,c
   347  007B50  3612               	rlcf	??_UART_SetBaudRate,f,c
   348  007B52  3613               	rlcf	??_UART_SetBaudRate+1,f,c
   349  007B54  3614               	rlcf	??_UART_SetBaudRate+2,f,c
   350  007B56  3615               	rlcf	??_UART_SetBaudRate+3,f,c
   351  007B58  2EE8               	decfsz	wreg,f,c
   352  007B5A  D7F9               	goto	u415
   353  007B5C  C012  F005         	movff	??_UART_SetBaudRate,___lldiv@divisor
   354  007B60  C013  F006         	movff	??_UART_SetBaudRate+1,___lldiv@divisor+1
   355  007B64  C014  F007         	movff	??_UART_SetBaudRate+2,___lldiv@divisor+2
   356  007B68  C015  F008         	movff	??_UART_SetBaudRate+3,___lldiv@divisor+3
   357  007B6C  ECBF  F03D         	call	___lldiv	;wreg free
   358  007B70  0401               	decf	?___lldiv,w,c
   359  007B72  D001               	goto	L1
   360  007B74                     l1020:
   361                           
   362                           ;uart.c: 101: else
   363                           ;uart.c: 102: {
   364                           ;uart.c: 104: RegValue = (uint8_t)(uint32_t)((20000000UL / (64*(uint32_t)9600)) - 1);
   365  007B74  0E1F               	movlw	31
   366  007B76                     L1:
   367  007B76  6E16               	movwf	UART_SetBaudRate@RegValue,c
   368                           
   369                           ;uart.c: 105: }
   370                           ;uart.c: 107: SPBRG = RegValue;
   371  007B78  C016  FFAF         	movff	UART_SetBaudRate@RegValue,4015	;volatile
   372  007B7C  0012               	return		;funcret
   373  007B7E                     __end_of_UART_SetBaudRate:
   374                           	opt stack 0
   375                           tblptru	equ	0xFF8
   376                           wreg	equ	0xFE8
   377                           status	equ	0xFD8
   378                           
   379 ;; *************** function ___lldiv *****************
   380 ;; Defined at:
   381 ;;		line 8 in file "C:\Program Files\Microchip\xc8\v1.36\sources\common\lldiv.c"
   382 ;; Parameters:    Size  Location     Type
   383 ;;  dividend        4    0[COMRAM] unsigned long 
   384 ;;  divisor         4    4[COMRAM] unsigned long 
   385 ;; Auto vars:     Size  Location     Type
   386 ;;  quotient        4    8[COMRAM] unsigned long 
   387 ;;  counter         1   12[COMRAM] unsigned char 
   388 ;; Return value:  Size  Location     Type
   389 ;;                  4    0[COMRAM] unsigned long 
   390 ;; Registers used:
   391 ;;		wreg, status,2, status,0
   392 ;; Tracked objects:
   393 ;;		On entry : 0/0
   394 ;;		On exit  : 0/0
   395 ;;		Unchanged: 0/0
   396 ;; Data sizes:     COMRAM   BANK0   BANK1   BANK2   BANK3   BANK4   BANK5
   397 ;;      Params:         8       0       0       0       0       0       0
   398 ;;      Locals:         5       0       0       0       0       0       0
   399 ;;      Temps:          0       0       0       0       0       0       0
   400 ;;      Totals:        13       0       0       0       0       0       0
   401 ;;Total ram usage:       13 bytes
   402 ;; Hardware stack levels used:    1
   403 ;; This function calls:
   404 ;;		Nothing
   405 ;; This function is called by:
   406 ;;		_UART_SetBaudRate
   407 ;;		_UART_TxNumber
   408 ;; This function uses a non-reentrant model
   409 ;;
   410                           
   411                           	psect	text4
   412  007B7E                     __ptext4:
   413                           	opt stack 0
   414  007B7E                     ___lldiv:
   415                           	opt stack 28
   416                           
   417                           ;incstack = 0
   418  007B7E  0E00               	movlw	0
   419  007B80  6E09               	movwf	___lldiv@quotient,c
   420  007B82  0E00               	movlw	0
   421  007B84  6E0A               	movwf	___lldiv@quotient+1,c
   422  007B86  0E00               	movlw	0
   423  007B88  6E0B               	movwf	___lldiv@quotient+2,c
   424  007B8A  0E00               	movlw	0
   425  007B8C  6E0C               	movwf	___lldiv@quotient+3,c
   426  007B8E  5005               	movf	___lldiv@divisor,w,c
   427  007B90  1006               	iorwf	___lldiv@divisor+1,w,c
   428  007B92  1007               	iorwf	___lldiv@divisor+2,w,c
   429  007B94  1008               	iorwf	___lldiv@divisor+3,w,c
   430  007B96  B4D8               	btfsc	status,2,c
   431  007B98  D02A               	goto	l482
   432  007B9A  0E01               	movlw	1
   433  007B9C  6E0D               	movwf	___lldiv@counter,c
   434  007B9E  D006               	goto	l1000
   435  007BA0                     l998:
   436  007BA0  90D8               	bcf	status,0,c
   437  007BA2  3605               	rlcf	___lldiv@divisor,f,c
   438  007BA4  3606               	rlcf	___lldiv@divisor+1,f,c
   439  007BA6  3607               	rlcf	___lldiv@divisor+2,f,c
   440  007BA8  3608               	rlcf	___lldiv@divisor+3,f,c
   441  007BAA  2A0D               	incf	___lldiv@counter,f,c
   442  007BAC                     l1000:
   443  007BAC  AE08               	btfss	___lldiv@divisor+3,7,c
   444  007BAE  D7F8               	goto	l998
   445  007BB0                     l1002:
   446  007BB0  90D8               	bcf	status,0,c
   447  007BB2  3609               	rlcf	___lldiv@quotient,f,c
   448  007BB4  360A               	rlcf	___lldiv@quotient+1,f,c
   449  007BB6  360B               	rlcf	___lldiv@quotient+2,f,c
   450  007BB8  360C               	rlcf	___lldiv@quotient+3,f,c
   451  007BBA  5005               	movf	___lldiv@divisor,w,c
   452  007BBC  5C01               	subwf	___lldiv@dividend,w,c
   453  007BBE  5006               	movf	___lldiv@divisor+1,w,c
   454  007BC0  5802               	subwfb	___lldiv@dividend+1,w,c
   455  007BC2  5007               	movf	___lldiv@divisor+2,w,c
   456  007BC4  5803               	subwfb	___lldiv@dividend+2,w,c
   457  007BC6  5008               	movf	___lldiv@divisor+3,w,c
   458  007BC8  5804               	subwfb	___lldiv@dividend+3,w,c
   459  007BCA  A0D8               	btfss	status,0,c
   460  007BCC  D009               	goto	l1010
   461  007BCE  5005               	movf	___lldiv@divisor,w,c
   462  007BD0  5E01               	subwf	___lldiv@dividend,f,c
   463  007BD2  5006               	movf	___lldiv@divisor+1,w,c
   464  007BD4  5A02               	subwfb	___lldiv@dividend+1,f,c
   465  007BD6  5007               	movf	___lldiv@divisor+2,w,c
   466  007BD8  5A03               	subwfb	___lldiv@dividend+2,f,c
   467  007BDA  5008               	movf	___lldiv@divisor+3,w,c
   468  007BDC  5A04               	subwfb	___lldiv@dividend+3,f,c
   469  007BDE  8009               	bsf	___lldiv@quotient,0,c
   470  007BE0                     l1010:
   471  007BE0  90D8               	bcf	status,0,c
   472  007BE2  3208               	rrcf	___lldiv@divisor+3,f,c
   473  007BE4  3207               	rrcf	___lldiv@divisor+2,f,c
   474  007BE6  3206               	rrcf	___lldiv@divisor+1,f,c
   475  007BE8  3205               	rrcf	___lldiv@divisor,f,c
   476  007BEA  2E0D               	decfsz	___lldiv@counter,f,c
   477  007BEC  D7E1               	goto	l1002
   478  007BEE                     l482:
   479  007BEE  C009  F001         	movff	___lldiv@quotient,?___lldiv
   480  007BF2  C00A  F002         	movff	___lldiv@quotient+1,?___lldiv+1
   481  007BF6  C00B  F003         	movff	___lldiv@quotient+2,?___lldiv+2
   482  007BFA  C00C  F004         	movff	___lldiv@quotient+3,?___lldiv+3
   483  007BFE  0012               	return		;funcret
   484  007C00                     __end_of___lldiv:
   485                           	opt stack 0
   486  0000                     tblptru	equ	0xFF8
   487                           wreg	equ	0xFE8
   488                           status	equ	0xFD8
   489                           tblptru	equ	0xFF8
   490                           wreg	equ	0xFE8
   491                           status	equ	0xFD8
   492                           
   493                           	psect	rparam
   494  0000                     tblptru	equ	0xFF8
   495                           wreg	equ	0xFE8
   496                           status	equ	0xFD8


Data Sizes:
    Strings     0
    Constant    0
    Data        0
    BSS         0
    Persistent  0
    Stack       0

Auto Spaces:
    Space          Size  Autos    Used
    COMRAM          127     26      26
    BANK0           128      0       0
    BANK1           256      0       0
    BANK2           256      0       0
    BANK3           256      0       0
    BANK4           256      0       0
    BANK5           256      0       0

Pointer List with Targets:

    None.

Critical Paths under _main in COMRAM

    _main->_UART_Init
    _UART_Init->_UART_SetBaudRate
    _UART_SetBaudRate->___lldiv

Critical Paths under _main in BANK0

    None.

Critical Paths under _main in BANK1

    None.

Critical Paths under _main in BANK2

    None.

Critical Paths under _main in BANK3

    None.

Critical Paths under _main in BANK4

    None.

Critical Paths under _main in BANK5

    None.

Call Graph Tables:

 ---------------------------------------------------------------------------------
 (Depth) Function   	        Calls       Base Space   Used Autos Params    Refs
 ---------------------------------------------------------------------------------
 (0) _main                                                 0     0      0     801
                          _UART_Init
                        _UART_TxChar
 ---------------------------------------------------------------------------------
 (1) _UART_TxChar                                          1     1      0      15
                                              0 COMRAM     1     1      0
 ---------------------------------------------------------------------------------
 (1) _UART_Init                                            4     0      4     786
                                             22 COMRAM     4     0      4
                   _UART_SetBaudRate
 ---------------------------------------------------------------------------------
 (2) _UART_SetBaudRate                                     9     5      4     700
                                             13 COMRAM     9     5      4
                            ___lldiv
 ---------------------------------------------------------------------------------
 (3) ___lldiv                                             13     5      8     546
                                              0 COMRAM    13     5      8
 ---------------------------------------------------------------------------------
 Estimated maximum stack depth 3
 ---------------------------------------------------------------------------------

 Call Graph Graphs:

 _main (ROOT)
   _UART_Init
     _UART_SetBaudRate
       ___lldiv
   _UART_TxChar

 Address spaces:
Name               Size   Autos  Total    Cost      Usage
BITCOMRAM           7F      0       0       0        0.0%
EEDATA             100      0       0       0        0.0%
NULL                 0      0       0       0        0.0%
CODE                 0      0       0       0        0.0%
COMRAM              7F     1A      1A       1       20.5%
STACK                0      0       0       2        0.0%
DATA                 0      0       0       3        0.0%
BITBANK0            80      0       0       4        0.0%
BANK0               80      0       0       5        0.0%
BITBANK1           100      0       0       6        0.0%
BANK1              100      0       0       7        0.0%
BITBANK2           100      0       0       8        0.0%
BANK2              100      0       0       9        0.0%
BITBANK3           100      0       0      10        0.0%
BANK3              100      0       0      11        0.0%
BITBANK4           100      0       0      12        0.0%
BANK4              100      0       0      13        0.0%
BANK5              100      0       0      14        0.0%
ABS                  0      0       0      15        0.0%
BITBANK5           100      0       0      16        0.0%
BIGRAM             5FF      0       0      17        0.0%
BITSFR               0      0       0      40        0.0%
SFR                  0      0       0      40        0.0%


Microchip Technology PIC18 Macro Assembler V1.36 build -262312587 
Symbol Table                                                                                   Sat Aug 13 19:35:51 2016

                            l39 7ABE                     __CFG_BORV$2 000000                    __CFG_CP0$OFF 000000  
                  __CFG_CP1$OFF 000000                    __CFG_CP2$OFF 000000                    __CFG_CP3$OFF 000000  
                   __CFG_OSC$HS 000000                             l482 7BEE                             l998 7BA0  
                  __CFG_CPB$OFF 000000                             u415 7B4E                    __CFG_CPD$OFF 000000  
                           u390 7B1A                             wreg 000FE8                    __CFG_LVP$OFF 000000  
                  __CFG_WDT$OFF 000000                            l1000 7BAC                            l1010 7BE0  
                          l1002 7BB0                            l1020 7B74                            l1198 7ADE  
                          _RCIF 007CF5                            _TXIF 007CF4                            _main 7ACA  
                          start 0000                   __CFG_IESO$OFF 000000                   __CFG_MCLRE$ON 000000  
                  ___param_bank 000010                           ?_main 0001                 __end_of___lldiv 7C00  
                         _RCREG 000FAE                           _RCSTA 000FAB                           _SPBRG 000FAF  
                         _TRISC 000F94                           _TXREG 000FAD                           _TXSTA 000FAC  
                 __CFG_PWRT$OFF 000000                   __CFG_WRT0$OFF 000000                   __CFG_WRT1$OFF 000000  
                 __CFG_WRT2$OFF 000000                   __CFG_WRT3$OFF 000000                  __CFG_EBTR0$OFF 000000  
                __CFG_FCMEN$OFF 000000                  __CFG_EBTR1$OFF 000000                  __CFG_EBTR2$OFF 000000  
                __CFG_EBTR3$OFF 000000              __size_of_UART_Init 0022                   __CFG_WRTB$OFF 000000  
                 __CFG_WRTC$OFF 000000                   __CFG_WRTD$OFF 000000                  __CFG_EBTRB$OFF 000000  
                __CFG_BOREN$OFF 000000                           status 000FD8                 __initialization 7AB2  
                  __end_of_main 7AE6                          ??_main 001B                   __activetblptr 000002  
             ?_UART_SetBaudRate 000E              ??_UART_SetBaudRate 0012                    ?_UART_TxChar 0001  
                __CFG_XINST$OFF 000000               __end_of_UART_Init 7B08                       ??___lldiv 0009  
                        tblptru 000FF8                      __accesstop 0080         __end_of__initialization 7AB2  
               __CFG_PBADEN$OFF 000000                   ___rparam_used 000001                  __pcstackCOMRAM 0001  
                       __Hparam 0000                         __Lparam 0000            __size_of_UART_TxChar 000E  
                       ___lldiv 7B7E                 __CFG_STVREN$OFF 000000                         __pcinit 7AB2  
                       __ramtop 0600                         __ptext0 7ACA                         __ptext1 7ABC  
                       __ptext2 7AE6                         __ptext3 7B08                         __ptext4 7B7E  
          end_of_initialization 7AB2                   __Lmediumconst 0000                 ___lldiv@divisor 0005  
               ___lldiv@counter 000D  UART_SetBaudRate@v_baudRate_u32 000E                       _UART_Init 7AE6  
     __size_of_UART_SetBaudRate 0076                      ?_UART_Init 0017             start_initialization 7AB2  
              __CFG_LPT1OSC$OFF 000000               __CFG_CCP2MX$PORTC 000000                        ?___lldiv 0001  
                   ??_UART_Init 001B                _UART_SetBaudRate 7B08                   ??_UART_TxChar 0001  
              __CFG_WDTPS$32768 000000         UART_Init@v_baudRate_u32 0017                        __Hrparam 0000  
      UART_TxChar@v_uartData_u8 0001                        __Lrparam 0000             __end_of_UART_TxChar 7ACA  
              __size_of___lldiv 0082                   __size_of_main 001C        UART_SetBaudRate@RegValue 0016  
      __end_of_UART_SetBaudRate 7B7E                ___lldiv@dividend 0001                     _UART_TxChar 7ABC  
              ___lldiv@quotient 0009  
