

Microchip Technology PIC18 LITE Macro Assembler V1.36 build -262312587 
                                                                                               Sat Aug 13 19:20:13 2016

Microchip Technology Omniscient Code Generator v1.36 (Free mode) build 201601150325
     1                           	processor	18F4520
     2                           	fnconf	rparam,??,?,0
     3                           	opt	pw 120
     4                           	opt	lm
     5                           	psect	cinit,global,reloc=2,class=CODE,delta=1
     6                           	psect	cstackCOMRAM,global,class=COMRAM,space=1,delta=1
     7                           	psect	text0,global,reloc=2,class=CODE,delta=1
     8                           	psect	text1,global,reloc=2,class=CODE,delta=1
     9                           	psect	intsave_regs,global,class=BIGRAM,space=1,delta=1
    10                           	psect	rparam,global,class=COMRAM,space=1,delta=1
    11  0000                     _PORTA	set	3968
    12  0000                     _PORTB	set	3969
    13  0000                     _PORTC	set	3970
    14  0000                     _PORTD	set	3971
    15  0000                     _TRISA	set	3986
    16  0000                     _TRISB	set	3987
    17  0000                     _TRISC	set	3988
    18  0000                     _TRISD	set	3989
    19                           
    20                           ; #config settings
    21                           
    22                           	psect	cinit
    23  007B82                     __pcinit:
    24                           	opt stack 0
    25  007B82                     start_initialization:
    26                           	opt stack 0
    27  007B82                     __initialization:
    28                           	opt stack 0
    29  007B82                     end_of_initialization:
    30                           	opt stack 0
    31  007B82                     __end_of__initialization:
    32                           	opt stack 0
    33  007B82  0100               	movlb	0
    34  007B84  EFDF  F03D         	goto	_main	;jump to C main() function
    35                           
    36                           	psect	cstackCOMRAM
    37  000001                     __pcstackCOMRAM:
    38                           	opt stack 0
    39  000001                     DELAY_ms@ms_Count:
    40                           	opt stack 0
    41                           
    42                           ; 2 bytes @ 0x0
    43  000001                     	ds	2
    44  000003                     DELAY_ms@i:
    45                           	opt stack 0
    46                           
    47                           ; 2 bytes @ 0x2
    48  000003                     	ds	2
    49  000005                     DELAY_ms@j:
    50                           	opt stack 0
    51                           
    52                           ; 2 bytes @ 0x4
    53  000005                     	ds	2
    54  000007                     
    55                           ; 1 bytes @ 0x6
    56 ;;
    57 ;;Main: autosize = 0, tempsize = 0, incstack = 0, save=0
    58 ;;
    59 ;; *************** function _main *****************
    60 ;; Defined at:
    61 ;;		line 48 in file "main.c"
    62 ;; Parameters:    Size  Location     Type
    63 ;;		None
    64 ;; Auto vars:     Size  Location     Type
    65 ;;		None
    66 ;; Return value:  Size  Location     Type
    67 ;;                  2   26[None  ] int 
    68 ;; Registers used:
    69 ;;		wreg, status,2, status,0, cstack
    70 ;; Tracked objects:
    71 ;;		On entry : 0/0
    72 ;;		On exit  : 0/0
    73 ;;		Unchanged: 0/0
    74 ;; Data sizes:     COMRAM   BANK0   BANK1   BANK2   BANK3   BANK4   BANK5
    75 ;;      Params:         0       0       0       0       0       0       0
    76 ;;      Locals:         0       0       0       0       0       0       0
    77 ;;      Temps:          0       0       0       0       0       0       0
    78 ;;      Totals:         0       0       0       0       0       0       0
    79 ;;Total ram usage:        0 bytes
    80 ;; Hardware stack levels required when called:    1
    81 ;; This function calls:
    82 ;;		_DELAY_ms
    83 ;; This function is called by:
    84 ;;		Startup code after reset
    85 ;; This function uses a non-reentrant model
    86 ;;
    87                           
    88                           	psect	text0
    89  007BBE                     __ptext0:
    90                           	opt stack 0
    91  007BBE                     _main:
    92                           	opt stack 30
    93                           
    94                           ;main.c: 51: TRISA = 0x00;
    95                           
    96                           ;incstack = 0
    97  007BBE  0E00               	movlw	0
    98  007BC0  6E92               	movwf	3986,c	;volatile
    99                           
   100                           ;main.c: 52: TRISB = 0x00;
   101  007BC2  0E00               	movlw	0
   102  007BC4  6E93               	movwf	3987,c	;volatile
   103                           
   104                           ;main.c: 53: TRISC = 0x00;
   105  007BC6  0E00               	movlw	0
   106  007BC8  6E94               	movwf	3988,c	;volatile
   107                           
   108                           ;main.c: 54: TRISD = 0x00;
   109  007BCA  0E00               	movlw	0
   110  007BCC  6E95               	movwf	3989,c	;volatile
   111  007BCE                     l684:
   112                           
   113                           ;main.c: 57: {
   114                           ;main.c: 58: PORTA = 0xff;
   115  007BCE  6880               	setf	3968,c	;volatile
   116                           
   117                           ;main.c: 59: PORTB = 0xff;
   118  007BD0  6881               	setf	3969,c	;volatile
   119                           
   120                           ;main.c: 60: PORTC = 0xff;
   121  007BD2  6882               	setf	3970,c	;volatile
   122                           
   123                           ;main.c: 61: PORTD = 0xff;
   124  007BD4  6883               	setf	3971,c	;volatile
   125                           
   126                           ;main.c: 62: DELAY_ms(100);
   127  007BD6  0E00               	movlw	0
   128  007BD8  6E02               	movwf	DELAY_ms@ms_Count+1,c
   129  007BDA  0E64               	movlw	100
   130  007BDC  6E01               	movwf	DELAY_ms@ms_Count,c
   131  007BDE  ECC4  F03D         	call	_DELAY_ms	;wreg free
   132                           
   133                           ;main.c: 64: PORTA = 0x00;
   134  007BE2  0E00               	movlw	0
   135  007BE4  6E80               	movwf	3968,c	;volatile
   136                           
   137                           ;main.c: 65: PORTB = 0x00;
   138  007BE6  0E00               	movlw	0
   139  007BE8  6E81               	movwf	3969,c	;volatile
   140                           
   141                           ;main.c: 66: PORTC = 0x00;
   142  007BEA  0E00               	movlw	0
   143  007BEC  6E82               	movwf	3970,c	;volatile
   144                           
   145                           ;main.c: 67: PORTD = 0x00;
   146  007BEE  0E00               	movlw	0
   147  007BF0  6E83               	movwf	3971,c	;volatile
   148                           
   149                           ;main.c: 68: DELAY_ms(100);
   150  007BF2  0E00               	movlw	0
   151  007BF4  6E02               	movwf	DELAY_ms@ms_Count+1,c
   152  007BF6  0E64               	movlw	100
   153  007BF8  6E01               	movwf	DELAY_ms@ms_Count,c
   154  007BFA  ECC4  F03D         	call	_DELAY_ms	;wreg free
   155  007BFE  D7E7               	goto	l684
   156  007C00                     __end_of_main:
   157                           	opt stack 0
   158                           
   159 ;; *************** function _DELAY_ms *****************
   160 ;; Defined at:
   161 ;;		line 40 in file "main.c"
   162 ;; Parameters:    Size  Location     Type
   163 ;;  ms_Count        2    0[COMRAM] unsigned int 
   164 ;; Auto vars:     Size  Location     Type
   165 ;;  j               2    4[COMRAM] unsigned int 
   166 ;;  i               2    2[COMRAM] unsigned int 
   167 ;; Return value:  Size  Location     Type
   168 ;;                  1    wreg      void 
   169 ;; Registers used:
   170 ;;		wreg, status,2, status,0
   171 ;; Tracked objects:
   172 ;;		On entry : 0/0
   173 ;;		On exit  : 0/0
   174 ;;		Unchanged: 0/0
   175 ;; Data sizes:     COMRAM   BANK0   BANK1   BANK2   BANK3   BANK4   BANK5
   176 ;;      Params:         2       0       0       0       0       0       0
   177 ;;      Locals:         4       0       0       0       0       0       0
   178 ;;      Temps:          0       0       0       0       0       0       0
   179 ;;      Totals:         6       0       0       0       0       0       0
   180 ;;Total ram usage:        6 bytes
   181 ;; Hardware stack levels used:    1
   182 ;; This function calls:
   183 ;;		Nothing
   184 ;; This function is called by:
   185 ;;		_main
   186 ;; This function uses a non-reentrant model
   187 ;;
   188                           
   189                           	psect	text1
   190  007B88                     __ptext1:
   191                           	opt stack 0
   192  007B88                     _DELAY_ms:
   193                           	opt stack 30
   194                           
   195                           ;main.c: 42: unsigned int i,j;
   196                           ;main.c: 43: for(i=0;i<ms_Count;i++)
   197                           
   198                           ;incstack = 0
   199  007B88  0E00               	movlw	0
   200  007B8A  6E04               	movwf	DELAY_ms@i+1,c
   201  007B8C  0E00               	movlw	0
   202  007B8E  6E03               	movwf	DELAY_ms@i,c
   203  007B90  D00F               	goto	l680
   204  007B92                     l668:
   205                           
   206                           ;main.c: 44: {
   207                           ;main.c: 45: for(j=0;j<1000;j++);
   208  007B92  0E00               	movlw	0
   209  007B94  6E06               	movwf	DELAY_ms@j+1,c
   210  007B96  0E00               	movlw	0
   211  007B98  6E05               	movwf	DELAY_ms@j,c
   212  007B9A                     l670:
   213  007B9A  0EE8               	movlw	232
   214  007B9C  5C05               	subwf	DELAY_ms@j,w,c
   215  007B9E  0E03               	movlw	3
   216  007BA0  5806               	subwfb	DELAY_ms@j+1,w,c
   217  007BA2  B0D8               	btfsc	status,0,c
   218  007BA4  D003               	goto	l678
   219  007BA6  4A05               	infsnz	DELAY_ms@j,f,c
   220  007BA8  2A06               	incf	DELAY_ms@j+1,f,c
   221  007BAA  D7F7               	goto	l670
   222  007BAC                     l678:
   223  007BAC  4A03               	infsnz	DELAY_ms@i,f,c
   224  007BAE  2A04               	incf	DELAY_ms@i+1,f,c
   225  007BB0                     l680:
   226  007BB0  5001               	movf	DELAY_ms@ms_Count,w,c
   227  007BB2  5C03               	subwf	DELAY_ms@i,w,c
   228  007BB4  5002               	movf	DELAY_ms@ms_Count+1,w,c
   229  007BB6  5804               	subwfb	DELAY_ms@i+1,w,c
   230  007BB8  B0D8               	btfsc	status,0,c
   231  007BBA  0012               	return	
   232  007BBC  D7EA               	goto	l668
   233  007BBE                     __end_of_DELAY_ms:
   234                           	opt stack 0
   235  0000                     status	equ	0xFD8
   236                           status	equ	0xFD8
   237                           
   238                           	psect	rparam
   239  0000                     status	equ	0xFD8


Data Sizes:
    Strings     0
    Constant    0
    Data        0
    BSS         0
    Persistent  0
    Stack       0

Auto Spaces:
    Space          Size  Autos    Used
    COMRAM          127      6       6
    BANK0           128      0       0
    BANK1           256      0       0
    BANK2           256      0       0
    BANK3           256      0       0
    BANK4           256      0       0
    BANK5           256      0       0

Pointer List with Targets:

    None.

Critical Paths under _main in COMRAM

    _main->_DELAY_ms

Critical Paths under _main in BANK0

    None.

Critical Paths under _main in BANK1

    None.

Critical Paths under _main in BANK2

    None.

Critical Paths under _main in BANK3

    None.

Critical Paths under _main in BANK4

    None.

Critical Paths under _main in BANK5

    None.

Call Graph Tables:

 ---------------------------------------------------------------------------------
 (Depth) Function   	        Calls       Base Space   Used Autos Params    Refs
 ---------------------------------------------------------------------------------
 (0) _main                                                 0     0      0     178
                           _DELAY_ms
 ---------------------------------------------------------------------------------
 (1) _DELAY_ms                                             6     4      2     178
                                              0 COMRAM     6     4      2
 ---------------------------------------------------------------------------------
 Estimated maximum stack depth 1
 ---------------------------------------------------------------------------------

 Call Graph Graphs:

 _main (ROOT)
   _DELAY_ms

 Address spaces:
Name               Size   Autos  Total    Cost      Usage
BITCOMRAM           7F      0       0       0        0.0%
EEDATA             100      0       0       0        0.0%
NULL                 0      0       0       0        0.0%
CODE                 0      0       0       0        0.0%
COMRAM              7F      6       6       1        4.7%
STACK                0      0       0       2        0.0%
DATA                 0      0       0       3        0.0%
BITBANK0            80      0       0       4        0.0%
BANK0               80      0       0       5        0.0%
BITBANK1           100      0       0       6        0.0%
BANK1              100      0       0       7        0.0%
BITBANK2           100      0       0       8        0.0%
BANK2              100      0       0       9        0.0%
BITBANK3           100      0       0      10        0.0%
BANK3              100      0       0      11        0.0%
BITBANK4           100      0       0      12        0.0%
BANK4              100      0       0      13        0.0%
BANK5              100      0       0      14        0.0%
ABS                  0      0       0      15        0.0%
BITBANK5           100      0       0      16        0.0%
BIGRAM             5FF      0       0      17        0.0%
BITSFR               0      0       0      40        0.0%
SFR                  0      0       0      40        0.0%


Microchip Technology PIC18 Macro Assembler V1.36 build -262312587 
Symbol Table                                                                                   Sat Aug 13 19:20:13 2016

                    l670 7B9A                      l680 7BB0                      l668 7B92  
                    l684 7BCE                      l678 7BAC                     _main 7BBE  
                   start 0000         __end_of_DELAY_ms 7BBE             ___param_bank 000010  
                  ?_main 0001                    _PORTA 000F80                    _PORTB 000F81  
                  _PORTC 000F82                    _PORTD 000F83                    _TRISA 000F92  
                  _TRISB 000F93                    _TRISC 000F94                    _TRISD 000F95  
                  status 000FD8          __initialization 7B82             __end_of_main 7C00  
                 ??_main 0007            __activetblptr 000000                DELAY_ms@i 0003  
              DELAY_ms@j 0005         DELAY_ms@ms_Count 0001                ?_DELAY_ms 0001  
             __accesstop 0080  __end_of__initialization 7B82            ___rparam_used 000001  
         __pcstackCOMRAM 0001               ??_DELAY_ms 0003                  __Hparam 0000  
                __Lparam 0000                  __pcinit 7B82                  __ramtop 0600  
                __ptext0 7BBE                  __ptext1 7B88     end_of_initialization 7B82  
      __size_of_DELAY_ms 0036      start_initialization 7B82                 _DELAY_ms 7B88  
               __Hrparam 0000                 __Lrparam 0000            __size_of_main 0042  
