

Microchip Technology PIC18 LITE Macro Assembler V1.36 build -262312587 
                                                                                               Sat Aug 13 20:16:45 2016

Microchip Technology Omniscient Code Generator v1.36 (Free mode) build 201601150325
     1                           	processor	18F4520
     2                           	fnconf	rparam,??,?,0
     3                           	opt	pw 120
     4                           	opt	lm
     5                           	psect	cinit,global,reloc=2,class=CODE,delta=1
     6                           	psect	cstackCOMRAM,global,class=COMRAM,space=1,delta=1
     7                           	psect	text0,global,reloc=2,class=CODE,delta=1
     8                           	psect	intsave_regs,global,class=BIGRAM,space=1,delta=1
     9                           	psect	rparam,global,class=COMRAM,space=1,delta=1
    10  0000                     _EEADR	set	4009
    11  0000                     _EECON1	set	4006
    12  0000                     _EECON2	set	4007
    13  0000                     _EEDATA	set	4008
    14  0000                     _RCREG	set	4014
    15  0000                     _RCSTA	set	4011
    16  0000                     _SPBRG	set	4015
    17  0000                     _TRISC	set	3988
    18  0000                     _TXREG	set	4013
    19  0000                     _TXSTA	set	4012
    20  0000                     _GIE	set	32663
    21  0000                     _RCIF	set	31989
    22  0000                     _TXIF	set	31988
    23                           
    24                           ; #config settings
    25  0000                     
    26                           	psect	cinit
    27  007BF6                     __pcinit:
    28                           	opt stack 0
    29  007BF6                     start_initialization:
    30                           	opt stack 0
    31  007BF6                     __initialization:
    32                           	opt stack 0
    33  007BF6                     end_of_initialization:
    34                           	opt stack 0
    35  007BF6                     __end_of__initialization:
    36                           	opt stack 0
    37  007BF6  0E00               	movlw	low (__Lmediumconst shr (0+16))
    38  007BF8  6EF8               	movwf	tblptru,c
    39  007BFA  0100               	movlb	0
    40  007BFC  EFF9  F03D         	goto	_main	;jump to C main() function
    41                           tblptru	equ	0xFF8
    42                           
    43                           	psect	cstackCOMRAM
    44  000001                     __pcstackCOMRAM:
    45                           	opt stack 0
    46  000001                     
    47                           ; 2 bytes @ 0x0
    48  000001                     	ds	2
    49  000003                     
    50                           ; 3 bytes @ 0x2
    51  000003                     	ds	3
    52  000006                     tblptru	equ	0xFF8
    53                           
    54                           ; 1 bytes @ 0x5
    55 ;;
    56 ;;Main: autosize = 0, tempsize = 0, incstack = 0, save=0
    57 ;;
    58 ;; *************** function _main *****************
    59 ;; Defined at:
    60 ;;		line 44 in file "main.c"
    61 ;; Parameters:    Size  Location     Type
    62 ;;  argc            2    0[COMRAM] int 
    63 ;;  argv            3    2[COMRAM] PTR PTR unsigned char 
    64 ;; Auto vars:     Size  Location     Type
    65 ;;		None
    66 ;; Return value:  Size  Location     Type
    67 ;;                  2    0[COMRAM] int 
    68 ;; Registers used:
    69 ;;		None
    70 ;; Tracked objects:
    71 ;;		On entry : 0/0
    72 ;;		On exit  : 0/0
    73 ;;		Unchanged: 0/0
    74 ;; Data sizes:     COMRAM   BANK0   BANK1   BANK2   BANK3   BANK4   BANK5
    75 ;;      Params:         5       0       0       0       0       0       0
    76 ;;      Locals:         0       0       0       0       0       0       0
    77 ;;      Temps:          0       0       0       0       0       0       0
    78 ;;      Totals:         5       0       0       0       0       0       0
    79 ;;Total ram usage:        5 bytes
    80 ;; This function calls:
    81 ;;		Nothing
    82 ;; This function is called by:
    83 ;;		Startup code after reset
    84 ;; This function uses a non-reentrant model
    85 ;;
    86                           
    87                           	psect	text0
    88  007BF2                     __ptext0:
    89                           	opt stack 0
    90  007BF2                     _main:
    91                           	opt stack 31
    92                           
    93                           ;main.c: 46: return (0);
    94                           ;	Return value of _main is never used
    95                           
    96                           ;incstack = 0
    97  007BF2  EF00  F000         	goto	start
    98  007BF6                     __end_of_main:
    99                           	opt stack 0
   100  0000                     tblptru	equ	0xFF8
   101                           tblptru	equ	0xFF8
   102                           
   103                           	psect	rparam
   104  0000                     tblptru	equ	0xFF8


Data Sizes:
    Strings     0
    Constant    0
    Data        0
    BSS         0
    Persistent  0
    Stack       0

Auto Spaces:
    Space          Size  Autos    Used
    COMRAM          127      5       5
    BANK0           128      0       0
    BANK1           256      0       0
    BANK2           256      0       0
    BANK3           256      0       0
    BANK4           256      0       0
    BANK5           256      0       0

Pointer List with Targets:

    None.

Critical Paths under _main in COMRAM

    None.

Critical Paths under _main in BANK0

    None.

Critical Paths under _main in BANK1

    None.

Critical Paths under _main in BANK2

    None.

Critical Paths under _main in BANK3

    None.

Critical Paths under _main in BANK4

    None.

Critical Paths under _main in BANK5

    None.

Call Graph Tables:

 ---------------------------------------------------------------------------------
 (Depth) Function   	        Calls       Base Space   Used Autos Params    Refs
 ---------------------------------------------------------------------------------
 (0) _main                                                 5     0      5       0
                                              0 COMRAM     5     0      5
 ---------------------------------------------------------------------------------
 Estimated maximum stack depth 0
 ---------------------------------------------------------------------------------

 Call Graph Graphs:

 _main (ROOT)

 Address spaces:
Name               Size   Autos  Total    Cost      Usage
BITCOMRAM           7F      0       0       0        0.0%
EEDATA             100      0       0       0        0.0%
NULL                 0      0       0       0        0.0%
CODE                 0      0       0       0        0.0%
COMRAM              7F      5       5       1        3.9%
STACK                0      0       0       2        0.0%
DATA                 0      0       0       3        0.0%
BITBANK0            80      0       0       4        0.0%
BANK0               80      0       0       5        0.0%
BITBANK1           100      0       0       6        0.0%
BANK1              100      0       0       7        0.0%
BITBANK2           100      0       0       8        0.0%
BANK2              100      0       0       9        0.0%
BITBANK3           100      0       0      10        0.0%
BANK3              100      0       0      11        0.0%
BITBANK4           100      0       0      12        0.0%
BANK4              100      0       0      13        0.0%
BANK5              100      0       0      14        0.0%
ABS                  0      0       0      15        0.0%
BITBANK5           100      0       0      16        0.0%
BIGRAM             5FF      0       0      17        0.0%
BITSFR               0      0       0      40        0.0%
SFR                  0      0       0      40        0.0%


Microchip Technology PIC18 Macro Assembler V1.36 build -262312587 
Symbol Table                                                                                   Sat Aug 13 20:16:45 2016

            __CFG_BORV$2 000000             __CFG_CP0$OFF 000000             __CFG_CP1$OFF 000000  
           __CFG_CP2$OFF 000000             __CFG_CP3$OFF 000000              __CFG_OSC$HS 000000  
                    _GIE 007F97             __CFG_CPB$OFF 000000             __CFG_CPD$OFF 000000  
           __CFG_LVP$OFF 000000             __CFG_WDT$OFF 000000                     _RCIF 007CF5  
                   _TXIF 007CF4                     _main 7BF2                     start 0000  
          __CFG_IESO$OFF 000000            __CFG_MCLRE$ON 000000             ___param_bank 000010  
                  ?_main 0001                    _EEADR 000FA9                    _RCREG 000FAE  
                  _RCSTA 000FAB                    _SPBRG 000FAF                    _TRISC 000F94  
                  _TXREG 000FAD                    _TXSTA 000FAC            __CFG_PWRT$OFF 000000  
          __CFG_WRT0$OFF 000000            __CFG_WRT1$OFF 000000            __CFG_WRT2$OFF 000000  
          __CFG_WRT3$OFF 000000           __CFG_EBTR0$OFF 000000           __CFG_FCMEN$OFF 000000  
         __CFG_EBTR1$OFF 000000           __CFG_EBTR2$OFF 000000           __CFG_EBTR3$OFF 000000  
          __CFG_WRTB$OFF 000000            __CFG_WRTC$OFF 000000            __CFG_WRTD$OFF 000000  
         __CFG_EBTRB$OFF 000000           __CFG_BOREN$OFF 000000          __initialization 7BF6  
           __end_of_main 7BF6                   ??_main 0006            __activetblptr 000002  
                 _EEDATA 000FA8                   _EECON1 000FA6                   _EECON2 000FA7  
         __CFG_XINST$OFF 000000                   tblptru 000FF8               __accesstop 0080  
__end_of__initialization 7BF6          __CFG_PBADEN$OFF 000000            ___rparam_used 000001  
         __pcstackCOMRAM 0001                  __Hparam 0000                  __Lparam 0000  
        __CFG_STVREN$OFF 000000                  __pcinit 7BF6                  __ramtop 0600  
                __ptext0 7BF2     end_of_initialization 7BF6            __Lmediumconst 0000  
    start_initialization 7BF6         __CFG_LPT1OSC$OFF 000000        __CFG_CCP2MX$PORTC 000000  
       __CFG_WDTPS$32768 000000                 __Hrparam 0000                 __Lrparam 0000  
          __size_of_main 0004                 main@argc 0001                 main@argv 0003  
